[4/16/2026, 2:41:55 PM] GET /api/auth/verify
[4/16/2026, 2:41:55 PM] GET /api/auth/verify
[4/16/2026, 2:41:57 PM] POST /api/auth/login
[4/16/2026, 2:41:57 PM] GET /api/admin/dashboard
[4/16/2026, 2:41:57 PM] GET /api/admin/dashboard
[4/16/2026, 2:42:02 PM] GET /api/admin/laporan?
[4/16/2026, 2:42:02 PM] GET /api/admin/laporan?
[4/16/2026, 2:42:09 PM] GET /api/admin/laporan?status=pending
[4/16/2026, 2:42:12 PM] GET /api/admin/laporan?grading=Hijau&status=pending
[4/16/2026, 2:42:18 PM] GET /api/admin/laporan?grading=Hijau&status=pending&date_from=2026-04-16
[4/16/2026, 2:42:20 PM] GET /api/admin/users
[4/16/2026, 2:42:20 PM] GET /api/admin/users
[4/16/2026, 2:42:29 PM] POST /api/auth/login
[4/16/2026, 2:42:29 PM] GET /api/user/dashboard
[4/16/2026, 2:42:29 PM] GET /api/user/dashboard
[4/16/2026, 2:42:34 PM] GET /api/user/incidents
[4/16/2026, 2:42:34 PM] GET /api/user/incidents
[4/16/2026, 2:42:38 PM] GET /api/user/incidents/25
[4/16/2026, 2:42:38 PM] GET /api/user/incidents/25
[4/16/2026, 2:42:59 PM] POST /api/user/lookup-patient
[4/16/2026, 2:43:51 PM] POST /api/user/incidents
[4/16/2026, 2:43:51 PM] GET /api/user/incidents
[4/16/2026, 2:43:51 PM] GET /api/user/incidents
[4/16/2026, 2:43:58 PM] GET /api/user/incidents/26
[4/16/2026, 2:43:58 PM] GET /api/user/incidents/26
[4/16/2026, 2:44:07 PM] GET /api/user/incidents
[4/16/2026, 2:44:07 PM] GET /api/user/incidents
[4/16/2026, 2:44:09 PM] GET /api/user/incidents/25
[4/16/2026, 2:44:09 PM] GET /api/user/incidents/25
[4/16/2026, 2:44:15 PM] GET /api/user/incidents
[4/16/2026, 2:44:16 PM] GET /api/user/incidents
[4/16/2026, 2:44:19 PM] GET /api/user/incidents/24
[4/16/2026, 2:44:19 PM] GET /api/user/incidents/24
[4/16/2026, 2:45:42 PM] POST /api/user/incidents
[4/16/2026, 2:45:42 PM] GET /api/user/incidents
[4/16/2026, 2:45:42 PM] GET /api/user/incidents
[4/16/2026, 2:45:44 PM] GET /api/user/incidents/26
[4/16/2026, 2:45:44 PM] GET /api/user/incidents/26
[4/16/2026, 2:45:55 PM] GET /api/user/incidents
[4/16/2026, 2:45:55 PM] GET /api/user/incidents
[4/16/2026, 2:45:58 PM] GET /api/user/incidents/24
[4/16/2026, 2:45:58 PM] GET /api/user/incidents/24
[4/16/2026, 2:47:52 PM] GET /user/form
[4/16/2026, 2:48:41 PM] GET /api/user/incidents/24
[4/16/2026, 2:48:41 PM] GET /api/user/incidents/24
[4/16/2026, 2:49:33 PM] POST /api/user/incidents
[4/16/2026, 2:49:33 PM] GET /api/user/incidents
[4/16/2026, 2:49:33 PM] GET /api/user/incidents
[4/16/2026, 2:49:36 PM] GET /api/user/incidents/24
[4/16/2026, 2:49:36 PM] GET /api/user/incidents/24
[4/16/2026, 2:50:02 PM] GET /api/auth/verify
[4/16/2026, 2:50:02 PM] GET /api/auth/verify
[4/16/2026, 2:50:02 PM] GET /api/user/incidents/24
[4/16/2026, 2:50:02 PM] GET /api/user/incidents/24
[4/16/2026, 2:50:02 PM] GET /api/user/incidents/24
[4/16/2026, 2:52:20 PM] GET /api/auth/verify
[4/16/2026, 2:52:20 PM] GET /api/auth/verify
[4/16/2026, 2:52:20 PM] GET /api/user/incidents/24
[4/16/2026, 2:52:20 PM] GET /api/user/incidents/24
[4/16/2026, 2:52:20 PM] GET /api/user/incidents/24
[4/16/2026, 2:52:27 PM] GET /api/user/incidents
[4/16/2026, 2:52:27 PM] GET /api/user/incidents
[4/16/2026, 2:52:32 PM] POST /api/user/lookup-patient
[4/16/2026, 2:54:00 PM] POST /api/user/incidents
[4/16/2026, 2:54:00 PM] GET /api/user/incidents
[4/16/2026, 2:54:00 PM] GET /api/user/incidents
[4/16/2026, 2:54:02 PM] GET /api/user/incidents/27
[4/16/2026, 2:54:02 PM] GET /api/user/incidents/27
[4/16/2026, 2:54:20 PM] POST /api/user/incidents
[4/16/2026, 2:54:20 PM] GET /api/user/incidents
[4/16/2026, 2:54:20 PM] GET /api/user/incidents
[4/16/2026, 2:54:22 PM] GET /api/user/incidents/27
[4/16/2026, 2:54:22 PM] GET /api/user/incidents/27
[4/16/2026, 2:56:19 PM] POST /api/auth/login
[4/16/2026, 2:56:19 PM] POST /api/user/incidents
[4/16/2026, 2:57:28 PM] POST /api/auth/login
[4/16/2026, 2:57:28 PM] POST /api/user/incidents
[4/16/2026, 2:58:35 PM] POST /api/auth/login
[4/16/2026, 2:58:35 PM] POST /api/user/incidents
[4/16/2026, 2:58:54 PM] GET /api/auth/verify
[4/16/2026, 2:58:54 PM] GET /api/auth/verify
[4/16/2026, 2:58:54 PM] GET /api/user/incidents/27
[4/16/2026, 2:58:54 PM] GET /api/user/incidents/27
[4/16/2026, 2:58:55 PM] GET /api/user/incidents/27
[4/16/2026, 2:58:59 PM] GET /api/user/incidents
[4/16/2026, 2:58:59 PM] GET /api/user/incidents
[4/16/2026, 2:59:01 PM] GET /api/user/incidents/27
[4/16/2026, 2:59:01 PM] GET /api/user/incidents/27
[4/16/2026, 2:59:20 PM] GET /api/auth/verify
[4/16/2026, 2:59:20 PM] GET /api/auth/verify
[4/16/2026, 2:59:20 PM] GET /api/user/incidents/27
[4/16/2026, 2:59:20 PM] GET /api/user/incidents/27
[4/16/2026, 2:59:20 PM] GET /api/user/incidents/27
[4/16/2026, 3:00:01 PM] POST /api/auth/login
[4/16/2026, 3:00:01 PM] POST /api/user/incidents
[4/16/2026, 3:00:10 PM] GET /api/auth/verify
[4/16/2026, 3:00:10 PM] GET /api/auth/verify
[4/16/2026, 3:00:10 PM] GET /api/user/incidents/27
[4/16/2026, 3:00:10 PM] GET /api/user/incidents/27
[4/16/2026, 3:00:10 PM] GET /api/user/incidents/27
[4/16/2026, 3:00:22 PM] POST /api/user/incidents
[4/16/2026, 3:00:22 PM] GET /api/user/incidents
[4/16/2026, 3:00:22 PM] GET /api/user/incidents
[4/16/2026, 3:00:24 PM] GET /api/user/incidents/27
[4/16/2026, 3:00:24 PM] GET /api/user/incidents/27
[4/16/2026, 3:02:04 PM] GET /api/auth/verify
[4/16/2026, 3:02:04 PM] GET /api/auth/verify
[4/16/2026, 3:02:04 PM] GET /api/user/incidents/27
[4/16/2026, 3:02:04 PM] GET /api/user/incidents/27
[4/16/2026, 3:02:04 PM] GET /api/user/incidents/27
[4/16/2026, 3:02:20 PM] POST /api/user/incidents
[4/16/2026, 3:02:20 PM] GET /api/user/incidents
[4/16/2026, 3:02:20 PM] GET /api/user/incidents
[4/16/2026, 3:02:22 PM] GET /api/user/incidents/27
[4/16/2026, 3:02:22 PM] GET /api/user/incidents/27
[4/16/2026, 3:02:54 PM] POST /api/user/incidents
[4/16/2026, 3:02:54 PM] GET /api/user/incidents
[4/16/2026, 3:02:54 PM] GET /api/user/incidents
[4/16/2026, 3:02:56 PM] GET /api/user/incidents/27
[4/16/2026, 3:02:56 PM] GET /api/user/incidents/27
[4/16/2026, 3:03:12 PM] GET /api/user/dashboard
[4/16/2026, 3:03:12 PM] GET /api/user/dashboard
[4/16/2026, 3:03:20 PM] POST /api/user/lookup-patient
[4/16/2026, 3:04:46 PM] POST /api/user/incidents
[4/16/2026, 3:04:46 PM] GET /api/user/incidents
[4/16/2026, 3:04:46 PM] GET /api/user/incidents
[4/16/2026, 3:04:49 PM] GET /api/user/incidents/34
[4/16/2026, 3:04:49 PM] GET /api/user/incidents/34
[4/16/2026, 3:04:57 PM] POST /api/user/incidents
[4/16/2026, 3:04:57 PM] GET /api/user/incidents
[4/16/2026, 3:04:57 PM] GET /api/user/incidents
[4/16/2026, 3:04:59 PM] GET /api/user/incidents/34
[4/16/2026, 3:04:59 PM] GET /api/user/incidents/34
[4/16/2026, 3:05:14 PM] GET /api/user/incidents
[4/16/2026, 3:05:14 PM] GET /api/user/incidents
[4/16/2026, 3:05:16 PM] GET /api/user/dashboard
[4/16/2026, 3:05:16 PM] GET /api/user/dashboard
[4/16/2026, 3:05:25 PM] POST /api/auth/login
[4/16/2026, 3:05:25 PM] GET /api/admin/dashboard
[4/16/2026, 3:05:25 PM] GET /api/admin/dashboard
[4/16/2026, 3:05:27 PM] GET /api/admin/laporan?
[4/16/2026, 3:05:27 PM] GET /api/admin/laporan?
[4/16/2026, 3:05:30 PM] GET /api/admin/laporan/34
[4/16/2026, 3:05:30 PM] GET /api/admin/laporan/34
[4/16/2026, 3:06:10 PM] GET /api/admin/users
[4/16/2026, 3:06:10 PM] GET /api/admin/users
[4/16/2026, 3:06:13 PM] GET /api/admin/laporan?
[4/16/2026, 3:06:13 PM] GET /api/admin/laporan?
[4/16/2026, 3:06:21 PM] POST /api/auth/login
[4/16/2026, 3:06:21 PM] GET /api/user/dashboard
[4/16/2026, 3:06:21 PM] GET /api/user/dashboard
[4/16/2026, 3:06:39 PM] POST /api/user/lookup-patient
[4/16/2026, 3:09:01 PM] GET /api/user/incidents
[4/16/2026, 3:09:01 PM] GET /api/user/incidents
[4/16/2026, 3:09:04 PM] GET /api/user/dashboard
[4/16/2026, 3:09:04 PM] GET /api/user/dashboard
[4/16/2026, 3:09:22 PM] POST /api/auth/login
[4/16/2026, 3:09:22 PM] GET /api/admin/dashboard
[4/16/2026, 3:09:22 PM] GET /api/admin/dashboard
[4/16/2026, 3:09:29 PM] GET /api/admin/laporan?
[4/16/2026, 3:09:29 PM] GET /api/admin/laporan?
[4/16/2026, 3:09:34 PM] GET /api/admin/laporan/34
[4/16/2026, 3:09:34 PM] GET /api/admin/laporan/34
[4/16/2026, 3:09:45 PM] GET /api/admin/users
[4/16/2026, 3:09:45 PM] GET /api/admin/users
[4/16/2026, 3:09:48 PM] GET /api/admin/laporan?
[4/16/2026, 3:09:48 PM] GET /api/admin/laporan?
[4/16/2026, 3:09:50 PM] GET /api/admin/laporan/34
[4/16/2026, 3:09:50 PM] GET /api/admin/laporan/34
[4/16/2026, 3:09:55 PM] GET /api/admin/laporan?
[4/16/2026, 3:09:55 PM] GET /api/admin/laporan?
[4/16/2026, 3:10:23 PM] GET /api/admin/laporan/34
[4/16/2026, 3:10:23 PM] GET /api/admin/laporan/34
[4/16/2026, 3:11:11 PM] GET /api/admin/dashboard
[4/16/2026, 3:11:12 PM] GET /api/admin/dashboard
[4/16/2026, 3:11:15 PM] GET /api/admin/laporan?
[4/16/2026, 3:11:15 PM] GET /api/admin/laporan?
[4/16/2026, 3:11:42 PM] GET /api/admin/dashboard
[4/16/2026, 3:11:42 PM] GET /api/admin/dashboard
[4/16/2026, 3:12:19 PM] POST /api/auth/login
[4/16/2026, 3:12:19 PM] GET /api/user/dashboard
[4/16/2026, 3:12:19 PM] GET /api/user/dashboard
[4/16/2026, 3:13:35 PM] GET /api/user/dashboard
[4/16/2026, 3:13:36 PM] GET /api/user/dashboard
[4/16/2026, 3:17:36 PM] GET /api/user/dashboard
[4/16/2026, 3:19:11 PM] POST /api/user/lookup-patient
[4/16/2026, 3:19:24 PM] POST /api/user/incidents
[4/16/2026, 3:19:24 PM] GET /api/user/incidents
[4/16/2026, 3:19:24 PM] GET /api/user/incidents
[4/16/2026, 3:19:40 PM] POST /api/user/lookup-patient
[4/16/2026, 3:19:44 PM] POST /api/user/incidents
[4/16/2026, 3:19:44 PM] GET /api/user/incidents
[4/16/2026, 3:19:44 PM] GET /api/user/incidents
[4/16/2026, 3:19:50 PM] GET /api/auth/verify
[4/16/2026, 3:19:50 PM] GET /api/auth/verify
[4/16/2026, 3:19:50 PM] GET /api/user/incidents
[4/16/2026, 3:19:50 PM] GET /api/user/incidents
[4/16/2026, 3:19:56 PM] POST /api/user/lookup-patient
[4/16/2026, 3:20:07 PM] POST /api/user/incidents
[4/16/2026, 3:20:07 PM] GET /api/user/incidents
[4/16/2026, 3:20:07 PM] GET /api/user/incidents
[4/16/2026, 3:20:12 PM] GET /api/user/dashboard
[4/16/2026, 3:20:12 PM] GET /api/user/dashboard
[4/16/2026, 3:20:16 PM] GET /api/user/dashboard
[4/16/2026, 3:20:16 PM] GET /api/user/dashboard
[4/16/2026, 3:20:17 PM] GET /api/user/incidents
[4/16/2026, 3:20:17 PM] GET /api/user/incidents
[4/16/2026, 3:20:19 PM] GET /api/user/dashboard
[4/16/2026, 3:20:19 PM] GET /api/user/dashboard
[4/16/2026, 3:20:27 PM] POST /api/auth/login
[4/16/2026, 3:20:28 PM] GET /api/admin/dashboard
[4/16/2026, 3:20:28 PM] GET /api/admin/dashboard
[4/16/2026, 3:20:31 PM] GET /api/admin/laporan?
[4/16/2026, 3:20:31 PM] GET /api/admin/laporan?
[4/16/2026, 3:20:33 PM] GET /api/admin/dashboard
[4/16/2026, 3:20:33 PM] GET /api/admin/dashboard
[4/16/2026, 3:20:34 PM] GET /api/admin/laporan?
[4/16/2026, 3:20:35 PM] GET /api/admin/laporan?
[4/16/2026, 3:20:37 PM] GET /api/admin/dashboard
[4/16/2026, 3:20:37 PM] GET /api/admin/dashboard
[4/16/2026, 3:20:38 PM] GET /api/admin/laporan?
[4/16/2026, 3:20:38 PM] GET /api/admin/laporan?
[4/16/2026, 3:20:48 PM] GET /api/admin/laporan?status=reviewed
[4/16/2026, 3:20:50 PM] GET /api/admin/dashboard
[4/16/2026, 3:20:50 PM] GET /api/admin/dashboard
[4/16/2026, 3:20:53 PM] GET /api/admin/laporan?
[4/16/2026, 3:20:53 PM] GET /api/admin/laporan?
[4/16/2026, 3:20:56 PM] GET /api/admin/dashboard
[4/16/2026, 3:20:56 PM] GET /api/admin/dashboard
[4/16/2026, 3:21:00 PM] GET /api/admin/laporan?
[4/16/2026, 3:21:00 PM] GET /api/admin/laporan?
[4/16/2026, 3:21:24 PM] GET /api/admin/dashboard
[4/16/2026, 3:21:24 PM] GET /api/admin/dashboard
[4/16/2026, 3:21:41 PM] GET /api/admin/laporan?
[4/16/2026, 3:21:41 PM] GET /api/admin/laporan?
[4/16/2026, 3:27:08 PM] GET /api/admin/laporan?
[4/16/2026, 3:27:08 PM] GET /api/admin/laporan?
[4/16/2026, 3:27:08 PM] GET /api/admin/laporan?
[4/16/2026, 3:27:50 PM] GET /api/admin/laporan?
[4/16/2026, 3:27:50 PM] GET /api/admin/laporan?
[4/16/2026, 3:28:26 PM] GET /api/admin/laporan?
[4/16/2026, 3:28:26 PM] GET /api/admin/laporan?
[4/16/2026, 3:28:55 PM] GET /api/admin/dashboard
[4/16/2026, 3:28:55 PM] GET /api/admin/dashboard
[4/16/2026, 3:28:57 PM] GET /api/auth/verify
[4/16/2026, 3:28:57 PM] GET /api/auth/verify
[4/16/2026, 3:28:57 PM] GET /api/admin/dashboard
[4/16/2026, 3:28:57 PM] GET /api/admin/dashboard
[4/16/2026, 3:28:59 PM] GET /api/admin/laporan?
[4/16/2026, 3:28:59 PM] GET /api/admin/laporan?
[4/16/2026, 3:28:59 PM] GET /api/admin/laporan?
[4/16/2026, 3:29:00 PM] GET /api/admin/dashboard
[4/16/2026, 3:29:00 PM] GET /api/admin/dashboard
[4/16/2026, 3:29:02 PM] GET /api/admin/laporan?status=pending
[4/16/2026, 3:29:02 PM] GET /api/admin/laporan?status=pending
[4/16/2026, 3:29:02 PM] GET /api/admin/laporan?status=pending
[4/16/2026, 3:29:06 PM] GET /api/admin/dashboard
[4/16/2026, 3:29:06 PM] GET /api/admin/dashboard
[4/16/2026, 3:29:07 PM] GET /api/admin/laporan?status=reviewed
[4/16/2026, 3:29:07 PM] GET /api/admin/laporan?status=reviewed
[4/16/2026, 3:29:07 PM] GET /api/admin/laporan?status=reviewed
[4/16/2026, 3:29:10 PM] GET /api/admin/dashboard
[4/16/2026, 3:29:10 PM] GET /api/admin/dashboard
[4/16/2026, 3:29:18 PM] GET /api/admin/laporan?
[4/16/2026, 3:29:19 PM] GET /api/admin/laporan?
[4/16/2026, 3:29:19 PM] GET /api/admin/laporan?
[4/16/2026, 3:36:53 PM] POST /api/auth/login
[4/16/2026, 3:36:54 PM] GET /api/user/dashboard
[4/16/2026, 3:36:54 PM] GET /api/user/dashboard
[4/16/2026, 3:37:02 PM] POST /api/user/lookup-patient
[4/16/2026, 3:37:06 PM] POST /api/user/incidents
[4/16/2026, 3:37:06 PM] GET /api/user/incidents
[4/16/2026, 3:37:06 PM] GET /api/user/incidents
[4/16/2026, 3:37:10 PM] GET /api/user/incidents/34
[4/16/2026, 3:37:10 PM] GET /api/user/incidents/34
[4/16/2026, 3:37:24 PM] GET /api/user/incidents
[4/16/2026, 3:37:25 PM] GET /api/user/incidents
[4/16/2026, 3:37:27 PM] GET /api/user/dashboard
[4/16/2026, 3:37:27 PM] GET /api/user/dashboard
[4/16/2026, 3:37:34 PM] POST /api/user/lookup-patient
[4/16/2026, 3:38:38 PM] POST /api/user/incidents
[4/16/2026, 3:38:38 PM] GET /api/user/incidents
[4/16/2026, 3:38:38 PM] GET /api/user/incidents
[4/16/2026, 3:38:40 PM] GET /api/user/incidents/39
[4/16/2026, 3:38:40 PM] GET /api/user/incidents/39
[4/16/2026, 3:38:48 PM] POST /api/user/incidents
[4/16/2026, 3:38:48 PM] GET /api/user/incidents
[4/16/2026, 3:38:48 PM] GET /api/user/incidents
[4/16/2026, 3:38:50 PM] GET /api/user/incidents/39
[4/16/2026, 3:38:50 PM] GET /api/user/incidents/39
[4/16/2026, 3:38:59 PM] GET /api/user/incidents
[4/16/2026, 3:38:59 PM] GET /api/user/incidents
[4/16/2026, 3:39:08 PM] POST /api/auth/login
[4/16/2026, 3:39:09 PM] GET /api/admin/dashboard
[4/16/2026, 3:39:09 PM] GET /api/admin/dashboard
[4/16/2026, 3:39:13 PM] GET /api/admin/laporan?
[4/16/2026, 3:39:13 PM] GET /api/admin/laporan?
[4/16/2026, 3:39:13 PM] GET /api/admin/laporan?
[4/16/2026, 3:53:05 PM] GET /api/admin/laporan?
[4/16/2026, 3:53:06 PM] GET /api/admin/laporan?
[4/16/2026, 3:53:58 PM] GET /api/auth/verify
[4/16/2026, 3:53:58 PM] GET /api/auth/verify
[4/16/2026, 3:53:58 PM] GET /api/admin/laporan?
[4/16/2026, 3:53:58 PM] GET /api/admin/laporan?
[4/16/2026, 3:53:58 PM] GET /api/admin/laporan?
[4/16/2026, 3:55:19 PM] GET /api/auth/verify
[4/16/2026, 3:55:19 PM] GET /api/auth/verify
[4/16/2026, 3:55:19 PM] GET /api/admin/laporan?
[4/16/2026, 3:55:19 PM] GET /api/admin/laporan?
[4/16/2026, 3:55:19 PM] GET /api/admin/laporan?
[4/16/2026, 3:56:39 PM] GET /api/admin/laporan?
[4/16/2026, 3:56:39 PM] GET /api/admin/laporan?
[4/16/2026, 3:57:24 PM] GET /api/admin/laporan?
[4/16/2026, 3:57:24 PM] GET /api/admin/laporan?
[4/16/2026, 3:57:53 PM] GET /api/auth/verify
[4/16/2026, 3:57:53 PM] GET /api/auth/verify
[4/16/2026, 3:57:53 PM] GET /api/admin/laporan?
[4/16/2026, 3:57:53 PM] GET /api/admin/laporan?
[4/16/2026, 3:57:53 PM] GET /api/admin/laporan?
[4/16/2026, 3:59:13 PM] GET /api/admin/dashboard
[4/16/2026, 3:59:13 PM] GET /api/admin/dashboard
[4/16/2026, 3:59:15 PM] GET /api/auth/verify
[4/16/2026, 3:59:15 PM] GET /api/auth/verify
[4/16/2026, 3:59:15 PM] GET /api/admin/dashboard
[4/16/2026, 3:59:15 PM] GET /api/admin/dashboard
[4/16/2026, 3:59:17 PM] GET /api/admin/laporan?
[4/16/2026, 3:59:17 PM] GET /api/admin/laporan?
[4/16/2026, 3:59:17 PM] GET /api/admin/laporan?
[4/16/2026, 4:00:00 PM] GET /api/admin/laporan?
[4/16/2026, 4:00:00 PM] GET /api/admin/laporan?
[4/16/2026, 4:01:20 PM] GET /api/auth/verify
[4/16/2026, 4:01:20 PM] GET /api/auth/verify
[4/16/2026, 4:01:20 PM] GET /api/admin/laporan?
[4/16/2026, 4:01:20 PM] GET /api/admin/laporan?
[4/16/2026, 4:01:20 PM] GET /api/admin/laporan?
[4/16/2026, 4:03:16 PM] GET /api/admin/laporan?
[4/16/2026, 4:03:16 PM] GET /api/admin/laporan?
[4/16/2026, 4:03:50 PM] GET /api/auth/verify
[4/16/2026, 4:03:50 PM] GET /api/auth/verify
[4/16/2026, 4:03:50 PM] GET /api/admin/laporan?
[4/16/2026, 4:03:50 PM] GET /api/admin/laporan?
[4/16/2026, 4:03:50 PM] GET /api/admin/laporan?
[4/16/2026, 4:03:58 PM] GET /api/auth/verify
[4/16/2026, 4:03:58 PM] GET /api/auth/verify
[4/16/2026, 4:03:58 PM] GET /api/admin/laporan?
[4/16/2026, 4:03:58 PM] GET /api/admin/laporan?
[4/16/2026, 4:03:58 PM] GET /api/admin/laporan?
[4/16/2026, 4:06:03 PM] GET /api/admin/laporan?
[4/16/2026, 4:06:03 PM] GET /api/admin/laporan?
[4/16/2026, 4:53:13 PM] GET /api/auth/verify
[4/16/2026, 4:53:13 PM] GET /api/auth/verify
[4/16/2026, 4:53:13 PM] GET /api/admin/laporan?
[4/16/2026, 4:53:13 PM] GET /api/admin/laporan?
[4/16/2026, 4:53:13 PM] GET /api/admin/laporan?
[4/16/2026, 4:53:23 PM] GET /api/auth/verify
[4/16/2026, 4:53:23 PM] GET /api/auth/verify
[4/16/2026, 4:53:23 PM] GET /api/admin/laporan?
[4/16/2026, 4:53:23 PM] GET /api/admin/laporan?
[4/16/2026, 4:53:23 PM] GET /api/admin/laporan?
[4/16/2026, 4:55:52 PM] POST /api/auth/login
[4/16/2026, 4:55:55 PM] POST /api/auth/login
[4/16/2026, 4:55:59 PM] POST /api/auth/login
[4/16/2026, 4:55:59 PM] GET /api/admin/dashboard
[4/16/2026, 4:55:59 PM] GET /api/admin/dashboard
[4/16/2026, 4:56:06 PM] GET /api/admin/laporan?
[4/16/2026, 4:56:06 PM] GET /api/admin/laporan?
[4/16/2026, 4:56:06 PM] GET /api/admin/laporan?
[4/16/2026, 4:58:11 PM] GET /api/admin/laporan?
[4/16/2026, 4:58:11 PM] GET /api/admin/laporan?
[4/16/2026, 4:58:42 PM] GET /api/auth/verify
[4/16/2026, 4:58:43 PM] GET /api/auth/verify
[4/16/2026, 4:58:43 PM] GET /api/admin/laporan?
[4/16/2026, 4:58:43 PM] GET /api/admin/laporan?
[4/16/2026, 4:58:43 PM] GET /api/admin/laporan?
[4/16/2026, 4:58:46 PM] GET /api/auth/verify
[4/16/2026, 4:58:46 PM] GET /api/auth/verify
[4/16/2026, 4:58:46 PM] GET /api/admin/laporan?
[4/16/2026, 4:58:46 PM] GET /api/admin/laporan?
[4/16/2026, 4:58:46 PM] GET /api/admin/laporan?
[4/16/2026, 5:00:33 PM] GET /api/auth/verify
[4/16/2026, 5:00:33 PM] GET /api/auth/verify
[4/16/2026, 5:00:38 PM] POST /api/auth/login
[4/16/2026, 5:00:38 PM] GET /api/admin/dashboard
[4/16/2026, 5:00:38 PM] GET /api/admin/dashboard
[4/16/2026, 5:00:44 PM] GET /api/admin/laporan?
[4/16/2026, 5:00:44 PM] GET /api/admin/laporan?
[4/16/2026, 5:00:44 PM] GET /api/admin/laporan?
[4/16/2026, 5:02:30 PM] GET /api/admin/laporan?
[4/16/2026, 5:02:30 PM] GET /api/admin/laporan?
[4/16/2026, 5:02:39 PM] GET /api/admin/laporan?
[4/16/2026, 5:02:39 PM] GET /api/admin/laporan?
[4/16/2026, 5:03:16 PM] GET /api/auth/verify
[4/16/2026, 5:03:16 PM] GET /api/auth/verify
[4/16/2026, 5:03:16 PM] GET /api/admin/laporan?
[4/16/2026, 5:03:16 PM] GET /api/admin/laporan?
[4/16/2026, 5:03:16 PM] GET /api/admin/laporan?
[4/16/2026, 5:03:28 PM] GET /api/admin/users
[4/16/2026, 5:03:28 PM] GET /api/admin/users
[4/16/2026, 5:03:31 PM] GET /api/admin/dashboard
[4/16/2026, 5:03:31 PM] GET /api/admin/dashboard
[4/16/2026, 5:03:51 PM] POST /api/auth/login
[4/16/2026, 5:03:52 PM] GET /api/user/dashboard
[4/16/2026, 5:03:52 PM] GET /api/user/dashboard
[4/16/2026, 5:04:14 PM] POST /api/user/lookup-patient
[4/16/2026, 5:04:18 PM] POST /api/user/lookup-patient
[4/16/2026, 5:04:25 PM] POST /api/user/lookup-patient
[4/16/2026, 5:05:55 PM] POST /api/user/incidents
[4/16/2026, 5:05:55 PM] GET /api/user/incidents
[4/16/2026, 5:05:55 PM] GET /api/user/incidents
[4/16/2026, 5:05:57 PM] GET /api/user/incidents/40
[4/16/2026, 5:05:57 PM] GET /api/user/incidents/40
[4/16/2026, 5:06:05 PM] POST /api/user/incidents
[4/16/2026, 5:06:05 PM] GET /api/user/incidents
[4/16/2026, 5:06:05 PM] GET /api/user/incidents
[4/16/2026, 5:06:07 PM] GET /api/user/incidents/40
[4/16/2026, 5:06:07 PM] GET /api/user/incidents/40
[4/16/2026, 5:06:18 PM] POST /api/auth/login
[4/16/2026, 5:06:18 PM] GET /api/admin/dashboard
[4/16/2026, 5:06:18 PM] GET /api/admin/dashboard
[4/16/2026, 5:06:24 PM] GET /api/admin/laporan?
[4/16/2026, 5:06:24 PM] GET /api/admin/laporan?
[4/16/2026, 5:06:24 PM] GET /api/admin/laporan?
[4/16/2026, 5:11:38 PM] GET /api/admin/laporan?
[4/16/2026, 5:11:38 PM] GET /api/admin/laporan?
[4/16/2026, 5:14:16 PM] GET /api/auth/verify
[4/16/2026, 5:14:16 PM] GET /api/auth/verify
[4/16/2026, 5:14:16 PM] GET /api/admin/laporan?
[4/16/2026, 5:14:16 PM] GET /api/admin/laporan?
[4/16/2026, 5:14:16 PM] GET /api/admin/laporan?
[4/16/2026, 5:15:18 PM] GET /api/admin/laporan/40
[4/16/2026, 5:15:19 PM] GET /api/admin/laporan/40
[4/16/2026, 5:21:55 PM] POST /api/auth/login
[4/16/2026, 5:21:55 PM] GET /api/user/dashboard
[4/16/2026, 5:21:55 PM] GET /api/user/dashboard
[4/16/2026, 5:25:09 PM] GET /api/auth/verify
[4/16/2026, 5:25:09 PM] GET /api/auth/verify
[4/16/2026, 5:25:18 PM] POST /api/auth/login
[4/16/2026, 5:25:18 PM] GET /api/admin/dashboard
[4/16/2026, 5:25:18 PM] GET /api/admin/dashboard
[4/16/2026, 5:25:21 PM] GET /api/admin/laporan?
[4/16/2026, 5:25:22 PM] GET /api/admin/laporan?
[4/16/2026, 5:25:22 PM] GET /api/admin/laporan?
[4/16/2026, 5:26:57 PM] GET /api/admin/laporan/40
[4/16/2026, 5:26:57 PM] GET /api/admin/laporan/40
[4/16/2026, 5:28:08 PM] GET /
[4/16/2026, 5:28:12 PM] GET /
[4/16/2026, 5:28:12 PM] GET /
[4/16/2026, 5:28:17 PM] GET /
[4/16/2026, 5:28:45 PM] GET /
[4/16/2026, 5:28:59 PM] GET /
[4/16/2026, 5:30:22 PM] GET /
[4/16/2026, 5:30:52 PM] GET /
[4/16/2026, 5:30:53 PM] GET /
[4/16/2026, 5:30:54 PM] GET /
[4/16/2026, 5:30:54 PM] GET /
[4/16/2026, 5:30:54 PM] GET /
[4/16/2026, 5:30:54 PM] GET /
[4/16/2026, 5:59:53 PM] GET /
[4/16/2026, 5:59:53 PM] GET /favicon.ico
[4/16/2026, 6:00:00 PM] POST /api/auth/login
[4/16/2026, 6:00:00 PM] GET /api/admin/dashboard
[4/16/2026, 6:00:00 PM] GET /api/admin/dashboard
[4/16/2026, 6:00:17 PM] POST /api/auth/login
[4/16/2026, 6:00:17 PM] GET /api/user/dashboard
[4/16/2026, 6:00:17 PM] GET /api/user/dashboard
[4/16/2026, 6:00:26 PM] POST /api/user/lookup-patient
[4/16/2026, 6:06:32 PM] GET /api/auth/verify
[4/16/2026, 6:06:32 PM] GET /api/auth/verify
[4/16/2026, 6:06:38 PM] POST /api/user/lookup-patient
[4/16/2026, 6:18:16 PM] GET /
[4/16/2026, 6:18:48 PM] POST /api/auth/login
[4/16/2026, 6:18:49 PM] GET /api/user/dashboard
[4/16/2026, 6:18:49 PM] GET /api/user/dashboard
[4/16/2026, 6:18:57 PM] POST /api/user/lookup-patient
[4/16/2026, 6:20:59 PM] POST /api/user/incidents
[4/16/2026, 6:20:59 PM] GET /api/user/incidents
[4/16/2026, 6:20:59 PM] GET /api/user/incidents
[4/16/2026, 6:21:01 PM] GET /api/user/incidents/41
[4/16/2026, 6:21:01 PM] GET /api/user/incidents/41
[4/16/2026, 6:21:03 PM] POST /api/user/lookup-patient
[4/16/2026, 6:23:11 PM] GET /api/user/incidents/41
[4/16/2026, 6:23:42 PM] POST /api/user/incidents
[4/16/2026, 6:23:42 PM] GET /api/user/incidents
[4/16/2026, 6:23:42 PM] GET /api/user/incidents
[4/16/2026, 6:23:44 PM] GET /api/user/incidents/41
[4/16/2026, 6:23:44 PM] GET /api/user/incidents/41
[4/16/2026, 6:23:54 PM] GET /uploads/laporan-1776334859059-524292062.pdf
[4/16/2026, 6:24:04 PM] POST /api/auth/login
[4/16/2026, 6:24:05 PM] GET /api/admin/dashboard
[4/16/2026, 6:24:05 PM] GET /api/admin/dashboard
[4/16/2026, 6:24:07 PM] GET /api/admin/laporan?
[4/16/2026, 6:24:07 PM] GET /api/admin/laporan?
[4/16/2026, 6:24:07 PM] GET /api/admin/laporan?
[4/16/2026, 6:25:59 PM] GET /api/admin/laporan/41
[4/16/2026, 6:25:59 PM] GET /api/admin/laporan/41
[4/16/2026, 6:31:40 PM] GET /api/auth/verify
[4/16/2026, 6:31:40 PM] GET /api/auth/verify
[4/16/2026, 6:31:40 PM] GET /api/admin/laporan/41
[4/16/2026, 6:31:40 PM] GET /api/admin/laporan/41
[4/16/2026, 6:31:40 PM] GET /api/admin/laporan/41
[4/16/2026, 6:31:44 PM] GET /api/admin/dashboard
[4/16/2026, 6:31:44 PM] GET /api/admin/dashboard
[4/16/2026, 6:31:45 PM] GET /api/admin/laporan?
[4/16/2026, 6:31:45 PM] GET /api/admin/laporan?
[4/16/2026, 6:31:45 PM] GET /api/admin/laporan?
[4/16/2026, 6:31:51 PM] GET /api/auth/verify
[4/16/2026, 6:31:51 PM] GET /api/auth/verify
[4/16/2026, 6:31:51 PM] GET /api/admin/laporan?
[4/16/2026, 6:31:51 PM] GET /api/admin/laporan?
[4/16/2026, 6:31:51 PM] GET /api/admin/laporan?
[4/16/2026, 6:32:40 PM] GET /api/admin/laporan/41
[4/16/2026, 6:32:40 PM] GET /api/admin/laporan/41
[4/16/2026, 6:32:45 PM] GET /api/admin/dashboard
[4/16/2026, 6:32:45 PM] GET /api/admin/dashboard
[4/16/2026, 6:32:46 PM] GET /api/admin/laporan?
[4/16/2026, 6:32:47 PM] GET /api/admin/laporan?
[4/16/2026, 6:32:47 PM] GET /api/admin/laporan?
[4/16/2026, 6:32:49 PM] GET /api/admin/laporan/39
[4/16/2026, 6:32:49 PM] GET /api/admin/laporan/39
[4/16/2026, 6:33:07 PM] GET /api/admin/dashboard
[4/16/2026, 6:33:07 PM] GET /api/admin/dashboard
[4/16/2026, 6:39:44 PM] GET /api/admin/laporan?
[4/16/2026, 6:39:44 PM] GET /api/admin/laporan?
[4/16/2026, 6:39:44 PM] GET /api/admin/laporan?
[4/16/2026, 6:39:45 PM] GET /api/admin/users
[4/16/2026, 6:39:45 PM] GET /api/admin/users
[4/16/2026, 6:39:46 PM] GET /api/admin/laporan?
[4/16/2026, 6:39:46 PM] GET /api/admin/laporan?
[4/16/2026, 6:39:46 PM] GET /api/admin/laporan?
[4/16/2026, 6:39:49 PM] GET /api/auth/verify
[4/16/2026, 6:39:49 PM] GET /api/auth/verify
[4/16/2026, 6:39:49 PM] GET /api/admin/laporan?
[4/16/2026, 6:39:49 PM] GET /api/admin/laporan?
[4/16/2026, 6:39:49 PM] GET /api/admin/laporan?
[4/16/2026, 6:48:58 PM] GET /api/admin/laporan/41
[4/16/2026, 6:48:58 PM] GET /api/admin/laporan/41
[4/16/2026, 6:52:23 PM] GET /api/admin/laporan?
[4/16/2026, 6:52:23 PM] GET /api/admin/laporan?
[4/16/2026, 6:52:23 PM] GET /api/admin/laporan?
[4/16/2026, 6:52:25 PM] GET /api/auth/verify
[4/16/2026, 6:52:25 PM] GET /api/auth/verify
[4/16/2026, 6:52:25 PM] GET /api/admin/laporan?
[4/16/2026, 6:52:25 PM] GET /api/admin/laporan?
[4/16/2026, 6:52:25 PM] GET /api/admin/laporan?
[4/16/2026, 6:53:46 PM] GET /api/admin/laporan?
[4/16/2026, 6:53:46 PM] GET /api/admin/laporan?
[4/16/2026, 6:54:46 PM] GET /api/auth/verify
[4/16/2026, 6:54:46 PM] GET /api/auth/verify
[4/16/2026, 6:54:46 PM] GET /api/admin/laporan?
[4/16/2026, 6:54:46 PM] GET /api/admin/laporan?
[4/16/2026, 6:54:46 PM] GET /api/admin/laporan?
[4/16/2026, 6:58:25 PM] POST /api/auth/login
[4/16/2026, 6:58:25 PM] GET /api/user/dashboard
[4/16/2026, 6:58:25 PM] GET /api/user/dashboard
[4/16/2026, 7:05:03 PM] GET /api/user/incidents
[4/16/2026, 7:05:03 PM] GET /api/user/incidents
[4/16/2026, 7:05:07 PM] GET /api/user/dashboard
[4/16/2026, 7:05:07 PM] GET /api/user/dashboard
[4/16/2026, 7:05:08 PM] GET /api/user/incidents
[4/16/2026, 7:05:08 PM] GET /api/user/incidents
[4/16/2026, 7:05:10 PM] GET /api/user/incidents/41
[4/16/2026, 7:05:10 PM] GET /api/user/incidents/41
[4/16/2026, 7:05:28 PM] GET /api/user/incidents
[4/16/2026, 7:05:28 PM] GET /api/user/incidents
[4/16/2026, 7:05:31 PM] GET /api/user/dashboard
[4/16/2026, 7:05:31 PM] GET /api/user/dashboard
[4/16/2026, 7:05:34 PM] GET /api/user/incidents
[4/16/2026, 7:05:34 PM] GET /api/user/incidents
[4/16/2026, 7:05:45 PM] POST /api/auth/login
[4/16/2026, 7:05:45 PM] GET /api/admin/dashboard
[4/16/2026, 7:05:45 PM] GET /api/admin/dashboard
[4/16/2026, 7:05:48 PM] GET /api/admin/laporan?
[4/16/2026, 7:05:48 PM] GET /api/admin/laporan?
[4/16/2026, 7:05:48 PM] GET /api/admin/laporan?
[4/16/2026, 7:05:50 PM] GET /api/admin/laporan/41
[4/16/2026, 7:05:50 PM] GET /api/admin/laporan/41
[4/16/2026, 7:05:58 PM] GET /api/admin/laporan?
[4/16/2026, 7:05:58 PM] GET /api/admin/laporan?
[4/16/2026, 7:05:58 PM] GET /api/admin/laporan?
[4/16/2026, 7:06:04 PM] GET /api/admin/laporan/17
[4/16/2026, 7:06:04 PM] GET /api/admin/laporan/17
[4/16/2026, 7:06:11 PM] GET /api/admin/users
[4/16/2026, 7:06:11 PM] GET /api/admin/users
[4/16/2026, 7:06:12 PM] GET /api/admin/laporan?
[4/16/2026, 7:06:12 PM] GET /api/admin/laporan?
[4/16/2026, 7:06:12 PM] GET /api/admin/laporan?
[4/16/2026, 7:06:14 PM] GET /api/admin/dashboard
[4/16/2026, 7:06:14 PM] GET /api/admin/dashboard
[4/16/2026, 7:06:15 PM] GET /api/admin/laporan?status=pending
[4/16/2026, 7:06:15 PM] GET /api/admin/laporan?status=pending
[4/16/2026, 7:06:16 PM] GET /api/admin/laporan?status=pending
[4/16/2026, 7:06:18 PM] GET /api/admin/laporan/41
[4/16/2026, 7:06:19 PM] GET /api/admin/laporan/41
[4/16/2026, 7:06:28 PM] GET /api/admin/users
[4/16/2026, 7:06:28 PM] GET /api/admin/users
[4/16/2026, 7:06:29 PM] GET /api/admin/laporan?
[4/16/2026, 7:06:29 PM] GET /api/admin/laporan?
[4/16/2026, 7:06:29 PM] GET /api/admin/laporan?
[4/16/2026, 7:06:32 PM] GET /api/admin/laporan?grading=Kuning
[4/16/2026, 7:06:36 PM] GET /api/admin/laporan?grading=Kuning&status=reviewed
[4/16/2026, 7:06:38 PM] GET /api/admin/laporan?grading=Kuning&status=pending
[4/16/2026, 7:06:42 PM] GET /api/admin/laporan?grading=Kuning&status=pending&date_from=2026-04-16
[4/16/2026, 7:13:37 PM] GET /api/auth/verify
[4/16/2026, 7:13:37 PM] GET /api/auth/verify
[4/16/2026, 7:13:37 PM] GET /api/admin/laporan?
[4/16/2026, 7:13:37 PM] GET /api/admin/laporan?
[4/16/2026, 7:13:37 PM] GET /api/admin/laporan?
[4/16/2026, 7:14:42 PM] POST /api/auth/login
[4/16/2026, 7:14:42 PM] GET /api/user/dashboard
[4/16/2026, 7:14:42 PM] GET /api/user/dashboard
[4/16/2026, 7:16:44 PM] POST /api/user/lookup-patient
[4/16/2026, 7:18:17 PM] POST /api/user/incidents
[4/16/2026, 7:18:17 PM] GET /api/user/incidents
[4/16/2026, 7:18:17 PM] GET /api/user/incidents
[4/16/2026, 7:18:19 PM] GET /api/user/incidents/42
[4/16/2026, 7:18:19 PM] GET /api/user/incidents/42
[4/16/2026, 7:18:41 PM] POST /api/auth/login
[4/16/2026, 7:18:41 PM] GET /api/admin/dashboard
[4/16/2026, 7:18:41 PM] GET /api/admin/dashboard
[4/16/2026, 7:18:45 PM] GET /api/admin/laporan?
[4/16/2026, 7:18:45 PM] GET /api/admin/laporan?
[4/16/2026, 7:18:45 PM] GET /api/admin/laporan?
[4/16/2026, 7:18:49 PM] GET /api/admin/laporan/42
[4/16/2026, 7:18:49 PM] GET /api/admin/laporan/42
[4/16/2026, 7:18:56 PM] GET /api/admin/laporan?
[4/16/2026, 7:18:57 PM] GET /api/admin/laporan?
[4/16/2026, 7:18:57 PM] GET /api/admin/laporan?
[4/16/2026, 7:28:56 PM] GET /api/auth/verify
[4/16/2026, 7:28:56 PM] GET /api/auth/verify
[4/16/2026, 7:28:56 PM] GET /api/admin/laporan?
[4/16/2026, 7:28:56 PM] GET /api/admin/laporan?
[4/16/2026, 7:28:56 PM] GET /api/admin/laporan?
[4/16/2026, 7:28:59 PM] GET /api/admin/laporan/42
[4/16/2026, 7:28:59 PM] GET /api/admin/laporan/42
[4/16/2026, 7:32:24 PM] GET /api/admin/laporan/42
[4/16/2026, 7:32:41 PM] POST /api/admin/laporan/42/status
[4/16/2026, 7:32:47 PM] GET /api/admin/laporan?
[4/16/2026, 7:32:47 PM] GET /api/admin/laporan?
[4/16/2026, 7:32:47 PM] GET /api/admin/laporan?
[4/16/2026, 7:32:51 PM] GET /api/admin/laporan/41
[4/16/2026, 7:32:51 PM] GET /api/admin/laporan/41
[4/16/2026, 7:32:53 PM] POST /api/admin/laporan/41/status
[4/16/2026, 7:32:55 PM] POST /api/admin/laporan/41/status
[4/16/2026, 7:32:56 PM] GET /api/admin/laporan?
[4/16/2026, 7:32:56 PM] GET /api/admin/laporan?
[4/16/2026, 7:32:56 PM] GET /api/admin/laporan?
[4/16/2026, 7:32:58 PM] GET /api/admin/laporan/41
[4/16/2026, 7:32:58 PM] GET /api/admin/laporan/41
[4/16/2026, 7:33:05 PM] GET /api/admin/users
[4/16/2026, 7:33:05 PM] GET /api/admin/users
[4/16/2026, 7:33:08 PM] GET /api/admin/laporan?
[4/16/2026, 7:33:08 PM] GET /api/admin/laporan?
[4/16/2026, 7:33:08 PM] GET /api/admin/laporan?
[4/16/2026, 7:33:10 PM] GET /api/admin/laporan/42
[4/16/2026, 7:33:10 PM] GET /api/admin/laporan/42
[4/16/2026, 7:33:59 PM] POST /api/auth/register
[4/16/2026, 7:34:13 PM] POST /api/auth/login
[4/16/2026, 7:34:13 PM] GET /api/user/dashboard
[4/16/2026, 7:34:14 PM] GET /api/user/dashboard
